Created log file at "/var/folders/2z/5wwlz56106bg0p3hrgdbn9lr0000gn/T/Alacritty-75394.log"
[2022-01-25 22:35:36.234185000] [INFO ] [alacritty] Welcome to Alacritty
[2022-01-25 22:35:36.234548000] [INFO ] [alacritty] Configuration files loaded from:
                                                      "/Users/nela/.config/alacritty/alacritty.yml"
                                                      "/Users/nela/dotfiles/alacritty/.config/alacritty/gruvbox-dark.yaml"
[2022-01-25 22:35:36.330350000] [INFO ] [alacritty] Device pixel ratio: 2
[2022-01-25 22:35:36.333954000] [INFO ] [alacritty] Initializing glyph cache...
[2022-01-25 22:35:36.387521000] [INFO ] [alacritty] ... finished initializing glyph cache in 0.05347596s
[2022-01-25 22:35:36.387622000] [INFO ] [alacritty] Estimated DPR correctly, skipping resize
[2022-01-25 22:35:36.387662000] [INFO ] [alacritty] Cell size: 16 x 36
[2022-01-25 22:35:36.387693000] [INFO ] [alacritty] Padding: 12 x 8
[2022-01-25 22:35:36.387722000] [INFO ] [alacritty] Width: 1944, Height: 1456
[2022-01-25 22:35:36.387943000] [INFO ] [alacritty] PTY dimensions: 40 x 120
[2022-01-25 22:35:36.395327000] [INFO ] [alacritty] Initialisation complete
[2022-01-25 22:35:36.427695000] [INFO ] [alacritty] glutin event: NewEvents(Init)
[2022-01-25 22:35:36.447620000] [INFO ] [alacritty] glutin event: UserEvent(Terminal(Wakeup))
[2022-01-25 22:35:36.447745000] [INFO ] [alacritty] glutin event: MainEventsCleared
[2022-01-25 22:35:36.447801000] [INFO ] [alacritty] glutin event: RedrawRequested(WindowId(Id(140377937958784)))
[2022-01-25 22:35:36.447859000] [INFO ] [alacritty] glutin event: RedrawEventsCleared
[2022-01-25 22:35:36.473299000] [INFO ] [alacritty] glutin event: NewEvents(WaitCancelled { start: Instant { t: 111463539557203 }, requested_resume: None })
[2022-01-25 22:35:36.508591000] [INFO ] [alacritty] glutin event: WindowEvent { window_id: WindowId(Id(140377937958784)), event: Focused(true) }
[2022-01-25 22:35:36.508709000] [INFO ] [alacritty] glutin event: MainEventsCleared
[2022-01-25 22:35:36.508746000] [INFO ] [alacritty] glutin event: RedrawEventsCleared
[2022-01-25 22:35:36.511761000] [INFO ] [alacritty] glutin event: NewEvents(WaitCancelled { start: Instant { t: 111463578083186 }, requested_resume: Some(Instant { t: 111464264319060 }) })
[2022-01-25 22:35:36.515835000] [INFO ] [alacritty] glutin event: WindowEvent { window_id: WindowId(Id(140377937958784)), event: CursorEntered { device_id: DeviceId(DeviceId) } }
[2022-01-25 22:35:36.515982000] [INFO ] [alacritty] glutin event: MainEventsCleared
[2022-01-25 22:35:36.516039000] [INFO ] [alacritty] glutin event: RedrawEventsCleared
[2022-01-25 22:35:36.516112000] [INFO ] [alacritty] glutin event: NewEvents(WaitCancelled { start: Instant { t: 111463582492950 }, requested_resume: Some(Instant { t: 111464325183832 }) })
[2022-01-25 22:35:36.516320000] [INFO ] [alacritty] glutin event: MainEventsCleared
[2022-01-25 22:35:36.516393000] [INFO ] [alacritty] glutin event: RedrawEventsCleared
[2022-01-25 22:35:36.516453000] [INFO ] [alacritty] glutin event: NewEvents(WaitCancelled { start: Instant { t: 111463582848965 }, requested_resume: Some(Instant { t: 111464325183832 }) })
[2022-01-25 22:35:36.516596000] [INFO ] [alacritty] glutin event: MainEventsCleared
[2022-01-25 22:35:36.516688000] [INFO ] [alacritty] glutin event: RedrawEventsCleared
[2022-01-25 22:35:36.520459000] [INFO ] [alacritty] glutin event: NewEvents(WaitCancelled { start: Instant { t: 111463583151568 }, requested_resume: Some(Instant { t: 111464325183832 }) })
[2022-01-25 22:35:36.521036000] [INFO ] [alacritty] glutin event: MainEventsCleared
[2022-01-25 22:35:36.521274000] [INFO ] [alacritty] glutin event: RedrawEventsCleared
[2022-01-25 22:35:36.521461000] [INFO ] [alacritty] glutin event: NewEvents(WaitCancelled { start: Instant { t: 111463587826448 }, requested_resume: Some(Instant { t: 111464325183832 }) })
[2022-01-25 22:35:36.521588000] [INFO ] [alacritty] glutin event: MainEventsCleared
[2022-01-25 22:35:36.521702000] [INFO ] [alacritty] glutin event: RedrawEventsCleared
[2022-01-25 22:35:36.524340000] [INFO ] [alacritty] glutin event: NewEvents(WaitCancelled { start: Instant { t: 111463588295145 }, requested_resume: Some(Instant { t: 111464325183832 }) })
[2022-01-25 22:35:36.524533000] [INFO ] [alacritty] glutin event: MainEventsCleared
[2022-01-25 22:35:36.524571000] [INFO ] [alacritty] glutin event: RedrawEventsCleared
[2022-01-25 22:35:36.524612000] [INFO ] [alacritty] glutin event: NewEvents(WaitCancelled { start: Instant { t: 111463591006195 }, requested_resume: Some(Instant { t: 111464325183832 }) })
[2022-01-25 22:35:36.524653000] [INFO ] [alacritty] glutin event: MainEventsCleared
[2022-01-25 22:35:36.524680000] [INFO ] [alacritty] glutin event: RedrawEventsCleared
[2022-01-25 22:35:36.527977000] [INFO ] [alacritty] glutin event: NewEvents(WaitCancelled { start: Instant { t: 111463591112541 }, requested_resume: Some(Instant { t: 111464325183832 }) })
[2022-01-25 22:35:36.528106000] [INFO ] [alacritty] glutin event: MainEventsCleared
[2022-01-25 22:35:36.528143000] [INFO ] [alacritty] glutin event: RedrawEventsCleared
[2022-01-25 22:35:36.528179000] [INFO ] [alacritty] glutin event: NewEvents(WaitCancelled { start: Instant { t: 111463594577665 }, requested_resume: Some(Instant { t: 111464325183832 }) })
[2022-01-25 22:35:36.528219000] [INFO ] [alacritty] glutin event: MainEventsCleared
[2022-01-25 22:35:36.528246000] [INFO ] [alacritty] glutin event: RedrawEventsCleared
[2022-01-25 22:35:36.531166000] [INFO ] [alacritty] glutin event: NewEvents(WaitCancelled { start: Instant { t: 111463594678429 }, requested_resume: Some(Instant { t: 111464325183832 }) })
[2022-01-25 22:35:36.531296000] [INFO ] [alacritty] glutin event: MainEventsCleared
[2022-01-25 22:35:36.531332000] [INFO ] [alacritty] glutin event: RedrawEventsCleared
[2022-01-25 22:35:36.531366000] [INFO ] [alacritty] glutin event: NewEvents(WaitCancelled { start: Instant { t: 111463597766142 }, requested_resume: Some(Instant { t: 111464325183832 }) })
[2022-01-25 22:35:36.531405000] [INFO ] [alacritty] glutin event: MainEventsCleared
[2022-01-25 22:35:36.531433000] [INFO ] [alacritty] glutin event: RedrawEventsCleared
[2022-01-25 22:35:36.534340000] [INFO ] [alacritty] glutin event: NewEvents(WaitCancelled { start: Instant { t: 111463597865308 }, requested_resume: Some(Instant { t: 111464325183832 }) })
[2022-01-25 22:35:36.534477000] [INFO ] [alacritty] glutin event: MainEventsCleared
[2022-01-25 22:35:36.534514000] [INFO ] [alacritty] glutin event: RedrawEventsCleared
[2022-01-25 22:35:36.534549000] [INFO ] [alacritty] glutin event: NewEvents(WaitCancelled { start: Instant { t: 111463600948123 }, requested_resume: Some(Instant { t: 111464325183832 }) })
[2022-01-25 22:35:36.534588000] [INFO ] [alacritty] glutin event: MainEventsCleared
[2022-01-25 22:35:36.534615000] [INFO ] [alacritty] glutin event: RedrawEventsCleared
[2022-01-25 22:35:36.537995000] [INFO ] [alacritty] glutin event: NewEvents(WaitCancelled { start: Instant { t: 111463601048011 }, requested_resume: Some(Instant { t: 111464325183832 }) })
[2022-01-25 22:35:36.538132000] [INFO ] [alacritty] glutin event: MainEventsCleared
[2022-01-25 22:35:36.538169000] [INFO ] [alacritty] glutin event: RedrawEventsCleared
[2022-01-25 22:35:36.538206000] [INFO ] [alacritty] glutin event: NewEvents(WaitCancelled { start: Instant { t: 111463604604934 }, requested_resume: Some(Instant { t: 111464325183832 }) })
[2022-01-25 22:35:36.538246000] [INFO ] [alacritty] glutin event: MainEventsCleared
[2022-01-25 22:35:36.538273000] [INFO ] [alacritty] glutin event: RedrawEventsCleared
[2022-01-25 22:35:36.542172000] [INFO ] [alacritty] glutin event: NewEvents(WaitCancelled { start: Instant { t: 111463604706436 }, requested_resume: Some(Instant { t: 111464325183832 }) })
[2022-01-25 22:35:36.542327000] [INFO ] [alacritty] glutin event: MainEventsCleared
[2022-01-25 22:35:36.542378000] [INFO ] [alacritty] glutin event: RedrawEventsCleared
[2022-01-25 22:35:36.542430000] [INFO ] [alacritty] glutin event: NewEvents(WaitCancelled { start: Instant { t: 111463608824553 }, requested_resume: Some(Instant { t: 111464325183832 }) })
[2022-01-25 22:35:36.542512000] [INFO ] [alacritty] glutin event: MainEventsCleared
[2022-01-25 22:35:36.542565000] [INFO ] [alacritty] glutin event: RedrawEventsCleared
[2022-01-25 22:35:36.546351000] [INFO ] [alacritty] glutin event: NewEvents(WaitCancelled { start: Instant { t: 111463609006203 }, requested_resume: Some(Instant { t: 111464325183832 }) })
[2022-01-25 22:35:36.546465000] [INFO ] [alacritty] glutin event: MainEventsCleared
[2022-01-25 22:35:36.546500000] [INFO ] [alacritty] glutin event: RedrawEventsCleared
[2022-01-25 22:35:36.546536000] [INFO ] [alacritty] glutin event: NewEvents(WaitCancelled { start: Instant { t: 111463612935713 }, requested_resume: Some(Instant { t: 111464325183832 }) })
[2022-01-25 22:35:36.546576000] [INFO ] [alacritty] glutin event: MainEventsCleared
[2022-01-25 22:35:36.546602000] [INFO ] [alacritty] glutin event: RedrawEventsCleared
[2022-01-25 22:35:36.549526000] [INFO ] [alacritty] glutin event: NewEvents(WaitCancelled { start: Instant { t: 111463613033601 }, requested_resume: Some(Instant { t: 111464325183832 }) })
[2022-01-25 22:35:36.549711000] [INFO ] [alacritty] glutin event: MainEventsCleared
[2022-01-25 22:35:36.549767000] [INFO ] [alacritty] glutin event: RedrawEventsCleared
[2022-01-25 22:35:36.549819000] [INFO ] [alacritty] glutin event: NewEvents(WaitCancelled { start: Instant { t: 111463616212526 }, requested_resume: Some(Instant { t: 111464325183832 }) })
[2022-01-25 22:35:36.549874000] [INFO ] [alacritty] glutin event: MainEventsCleared
[2022-01-25 22:35:36.549907000] [INFO ] [alacritty] glutin event: RedrawEventsCleared
[2022-01-25 22:35:36.553736000] [INFO ] [alacritty] glutin event: NewEvents(WaitCancelled { start: Instant { t: 111463616361280 }, requested_resume: Some(Instant { t: 111464325183832 }) })
[2022-01-25 22:35:36.553871000] [INFO ] [alacritty] glutin event: MainEventsCleared
[2022-01-25 22:35:36.553912000] [INFO ] [alacritty] glutin event: RedrawEventsCleared
[2022-01-25 22:35:36.553949000] [INFO ] [alacritty] glutin event: NewEvents(WaitCancelled { start: Instant { t: 111463620347849 }, requested_resume: Some(Instant { t: 111464325183832 }) })
[2022-01-25 22:35:36.553989000] [INFO ] [alacritty] glutin event: MainEventsCleared
[2022-01-25 22:35:36.554015000] [INFO ] [alacritty] glutin event: RedrawEventsCleared
[2022-01-25 22:35:36.557917000] [INFO ] [alacritty] glutin event: NewEvents(WaitCancelled { start: Instant { t: 111463620447773 }, requested_resume: Some(Instant { t: 111464325183832 }) })
[2022-01-25 22:35:36.558108000] [INFO ] [alacritty] glutin event: MainEventsCleared
[2022-01-25 22:35:36.558174000] [INFO ] [alacritty] glutin event: RedrawEventsCleared
[2022-01-25 22:35:36.558220000] [INFO ] [alacritty] glutin event: NewEvents(WaitCancelled { start: Instant { t: 111463624618941 }, requested_resume: Some(Instant { t: 111464325183832 }) })
[2022-01-25 22:35:36.558264000] [INFO ] [alacritty] glutin event: MainEventsCleared
[2022-01-25 22:35:36.558291000] [INFO ] [alacritty] glutin event: RedrawEventsCleared
[2022-01-25 22:35:36.649513000] [INFO ] [alacritty] glutin event: NewEvents(WaitCancelled { start: Instant { t: 111463624724700 }, requested_resume: Some(Instant { t: 111464325183832 }) })
[2022-01-25 22:35:36.650870000] [INFO ] [alacritty] glutin event: MainEventsCleared
[2022-01-25 22:35:36.650980000] [INFO ] [alacritty] glutin event: RedrawEventsCleared
[2022-01-25 22:35:36.862710000] [INFO ] [alacritty] glutin event: NewEvents(WaitCancelled { start: Instant { t: 111463717463831 }, requested_resume: Some(Instant { t: 111464325183832 }) })
[2022-01-25 22:35:36.862784000] [INFO ] [alacritty] glutin event: UserEvent(Terminal(Wakeup))
[2022-01-25 22:35:36.862818000] [INFO ] [alacritty] glutin event: MainEventsCleared
[2022-01-25 22:35:36.862844000] [INFO ] [alacritty] glutin event: RedrawEventsCleared
[2022-01-25 22:35:36.864108000] [INFO ] [alacritty] glutin event: NewEvents(WaitCancelled { start: Instant { t: 111463930481462 }, requested_resume: Some(Instant { t: 111464325183832 }) })
[2022-01-25 22:35:36.864495000] [INFO ] [alacritty] glutin event: UserEvent(Terminal(Wakeup))
[2022-01-25 22:35:36.864687000] [INFO ] [alacritty] glutin event: MainEventsCleared
[2022-01-25 22:35:36.864798000] [INFO ] [alacritty] glutin event: RedrawEventsCleared
[2022-01-25 22:35:36.872100000] [INFO ] [alacritty] glutin event: NewEvents(WaitCancelled { start: Instant { t: 111463933911773 }, requested_resume: Some(Instant { t: 111464325183832 }) })
[2022-01-25 22:35:36.872317000] [INFO ] [alacritty] glutin event: UserEvent(Terminal(Wakeup))
[2022-01-25 22:35:36.872496000] [INFO ] [alacritty] glutin event: MainEventsCleared
[2022-01-25 22:35:36.872592000] [INFO ] [alacritty] glutin event: RedrawEventsCleared
[2022-01-25 22:35:36.885981000] [INFO ] [alacritty] glutin event: NewEvents(WaitCancelled { start: Instant { t: 111463952375048 }, requested_resume: Some(Instant { t: 111464325183832 }) })
[2022-01-25 22:35:36.886250000] [INFO ] [alacritty] glutin event: UserEvent(Terminal(Wakeup))
[2022-01-25 22:35:36.886328000] [INFO ] [alacritty] glutin event: UserEvent(Terminal(Wakeup))
[2022-01-25 22:35:36.886385000] [INFO ] [alacritty] glutin event: UserEvent(Terminal(CursorBlinking(false)))
[2022-01-25 22:35:36.886434000] [INFO ] [alacritty] glutin event: UserEvent(Terminal(Wakeup))
[2022-01-25 22:35:36.886484000] [INFO ] [alacritty] glutin event: UserEvent(Terminal(Wakeup))
[2022-01-25 22:35:36.886538000] [INFO ] [alacritty] glutin event: MainEventsCleared
[2022-01-25 22:35:36.886585000] [INFO ] [alacritty] glutin event: RedrawEventsCleared
[2022-01-25 22:35:36.985818000] [INFO ] [alacritty] glutin event: NewEvents(WaitCancelled { start: Instant { t: 111463967489486 }, requested_resume: Some(Instant { t: 111464325183832 }) })
[2022-01-25 22:35:36.986128000] [INFO ] [alacritty] glutin event: MainEventsCleared
[2022-01-25 22:35:36.986298000] [INFO ] [alacritty] glutin event: RedrawEventsCleared
[2022-01-25 22:35:36.986425000] [INFO ] [alacritty] glutin event: NewEvents(WaitCancelled { start: Instant { t: 111464052818758 }, requested_resume: Some(Instant { t: 111464703052551 }) })
[2022-01-25 22:35:36.986525000] [INFO ] [alacritty] glutin event: MainEventsCleared
[2022-01-25 22:35:36.986576000] [INFO ] [alacritty] glutin event: RedrawEventsCleared
[2022-01-25 22:35:36.986632000] [INFO ] [alacritty] glutin event: NewEvents(WaitCancelled { start: Instant { t: 111464053046231 }, requested_resume: Some(Instant { t: 111464703052551 }) })
[2022-01-25 22:35:36.986755000] [INFO ] [alacritty] glutin event: MainEventsCleared
[2022-01-25 22:35:36.986845000] [INFO ] [alacritty] glutin event: RedrawEventsCleared
[2022-01-25 22:35:36.986913000] [INFO ] [alacritty] glutin event: NewEvents(WaitCancelled { start: Instant { t: 111464053324763 }, requested_resume: Some(Instant { t: 111464703052551 }) })
[2022-01-25 22:35:36.986972000] [INFO ] [alacritty] glutin event: MainEventsCleared
[2022-01-25 22:35:36.987019000] [INFO ] [alacritty] glutin event: RedrawEventsCleared
[2022-01-25 22:35:37.637904000] [INFO ] [alacritty] glutin event: NewEvents(ResumeTimeReached { start: Instant { t: 111464053488716 }, requested_resume: Instant { t: 111464703052551 } })
[2022-01-25 22:35:37.638210000] [INFO ] [alacritty] glutin event: MainEventsCleared
[2022-01-25 22:35:37.638315000] [INFO ] [alacritty] glutin event: RedrawEventsCleared
[2022-01-25 22:35:37.640800000] [INFO ] [alacritty] glutin event: NewEvents(WaitCancelled { start: Instant { t: 111464706958601 }, requested_resume: Some(Instant { t: 111465454829518 }) })
[2022-01-25 22:35:37.641409000] [INFO ] [alacritty] glutin event: MainEventsCleared
[2022-01-25 22:35:37.641605000] [INFO ] [alacritty] glutin event: RedrawEventsCleared
[2022-01-25 22:35:37.886226000] [INFO ] [alacritty] glutin event: NewEvents(WaitCancelled { start: Instant { t: 111464708159771 }, requested_resume: Some(Instant { t: 111465454829518 }) })
[2022-01-25 22:35:37.887497000] [INFO ] [alacritty] glutin event: WindowEvent { window_id: WindowId(Id(140377937958784)), event: KeyboardInput { device_id: DeviceId(DeviceId), input: KeyboardInput { scancode: 24, state: Pressed, virtual_keycode: Some(Equals), modifiers: (empty) }, is_synthetic: false } }
[2022-01-25 22:35:37.887693000] [INFO ] [alacritty] glutin event: MainEventsCleared
[2022-01-25 22:35:37.887735000] [INFO ] [alacritty] glutin event: RedrawEventsCleared
[2022-01-25 22:35:38.005331000] [INFO ] [alacritty] glutin event: NewEvents(WaitCancelled { start: Instant { t: 111464954230853 }, requested_resume: Some(Instant { t: 111465454829518 }) })
[2022-01-25 22:35:38.005711000] [INFO ] [alacritty] glutin event: WindowEvent { window_id: WindowId(Id(140377937958784)), event: KeyboardInput { device_id: DeviceId(DeviceId), input: KeyboardInput { scancode: 24, state: Released, virtual_keycode: Some(Equals), modifiers: (empty) }, is_synthetic: false } }
[2022-01-25 22:35:38.005794000] [INFO ] [alacritty] glutin event: MainEventsCleared
[2022-01-25 22:35:38.005827000] [INFO ] [alacritty] glutin event: RedrawEventsCleared
[2022-01-25 22:35:38.365378000] [INFO ] [alacritty] glutin event: NewEvents(WaitCancelled { start: Instant { t: 111465072320480 }, requested_resume: Some(Instant { t: 111465454829518 }) })
[2022-01-25 22:35:38.374343000] [INFO ] [alacritty] glutin event: WindowEvent { window_id: WindowId(Id(140377937958784)), event: KeyboardInput { device_id: DeviceId(DeviceId), input: KeyboardInput { scancode: 24, state: Pressed, virtual_keycode: Some(Equals), modifiers: (empty) }, is_synthetic: false } }
[2022-01-25 22:35:38.374445000] [INFO ] [alacritty] glutin event: WindowEvent { window_id: WindowId(Id(140377937958784)), event: ReceivedCharacter('´') }
[2022-01-25 22:35:38.374483000] [INFO ] [alacritty] glutin event: MainEventsCleared
[2022-01-25 22:35:38.374514000] [INFO ] [alacritty] glutin event: RedrawEventsCleared
[2022-01-25 22:35:38.375637000] [INFO ] [alacritty] glutin event: NewEvents(WaitCancelled { start: Instant { t: 111465442079879 }, requested_resume: Some(Instant { t: 111465454829518 }) })
[2022-01-25 22:35:38.379334000] [INFO ] [alacritty] glutin event: UserEvent(Terminal(MouseCursorDirty))
[2022-01-25 22:35:38.379424000] [INFO ] [alacritty] glutin event: MainEventsCleared
[2022-01-25 22:35:38.379459000] [INFO ] [alacritty] glutin event: RedrawEventsCleared
[2022-01-25 22:35:38.380860000] [INFO ] [alacritty] glutin event: NewEvents(WaitCancelled { start: Instant { t: 111465445975444 }, requested_resume: Some(Instant { t: 111466191024937 }) })
[2022-01-25 22:35:38.380994000] [INFO ] [alacritty] glutin event: UserEvent(Terminal(Wakeup))
[2022-01-25 22:35:38.381051000] [INFO ] [alacritty] glutin event: MainEventsCleared
[2022-01-25 22:35:38.381098000] [INFO ] [alacritty] glutin event: RedrawEventsCleared
[2022-01-25 22:35:38.385438000] [INFO ] [alacritty] glutin event: NewEvents(WaitCancelled { start: Instant { t: 111465449079673 }, requested_resume: Some(Instant { t: 111466191024937 }) })
[2022-01-25 22:35:38.385537000] [INFO ] [alacritty] glutin event: UserEvent(Terminal(Wakeup))
[2022-01-25 22:35:38.385574000] [INFO ] [alacritty] glutin event: MainEventsCleared
[2022-01-25 22:35:38.385604000] [INFO ] [alacritty] glutin event: RedrawEventsCleared
[2022-01-25 22:35:38.450931000] [INFO ] [alacritty] glutin event: NewEvents(WaitCancelled { start: Instant { t: 111465453406269 }, requested_resume: Some(Instant { t: 111466191024937 }) })
[2022-01-25 22:35:38.452041000] [INFO ] [alacritty] glutin event: MainEventsCleared
[2022-01-25 22:35:38.452301000] [INFO ] [alacritty] glutin event: RedrawEventsCleared
[2022-01-25 22:35:38.513839000] [INFO ] [alacritty] glutin event: NewEvents(WaitCancelled { start: Instant { t: 111465518843269 }, requested_resume: Some(Instant { t: 111466191024937 }) })
[2022-01-25 22:35:38.514171000] [INFO ] [alacritty] glutin event: WindowEvent { window_id: WindowId(Id(140377937958784)), event: KeyboardInput { device_id: DeviceId(DeviceId), input: KeyboardInput { scancode: 24, state: Released, virtual_keycode: Some(Equals), modifiers: (empty) }, is_synthetic: false } }
[2022-01-25 22:35:38.514278000] [INFO ] [alacritty] glutin event: MainEventsCleared
[2022-01-25 22:35:38.514319000] [INFO ] [alacritty] glutin event: RedrawEventsCleared
[2022-01-25 22:35:39.125465000] [INFO ] [alacritty] glutin event: NewEvents(ResumeTimeReached { start: Instant { t: 111465580851074 }, requested_resume: Instant { t: 111466191024937 } })
[2022-01-25 22:35:39.125747000] [INFO ] [alacritty] glutin event: MainEventsCleared
[2022-01-25 22:35:39.125821000] [INFO ] [alacritty] glutin event: RedrawEventsCleared
[2022-01-25 22:35:39.128041000] [INFO ] [alacritty] glutin event: NewEvents(WaitCancelled { start: Instant { t: 111466194313513 }, requested_resume: Some(Instant { t: 111466942384353 }) })
[2022-01-25 22:35:39.128761000] [INFO ] [alacritty] glutin event: MainEventsCleared
[2022-01-25 22:35:39.129243000] [INFO ] [alacritty] glutin event: RedrawEventsCleared
[2022-01-25 22:35:39.877066000] [INFO ] [alacritty] glutin event: NewEvents(ResumeTimeReached { start: Instant { t: 111466195911973 }, requested_resume: Instant { t: 111466942384353 } })
[2022-01-25 22:35:39.877353000] [INFO ] [alacritty] glutin event: MainEventsCleared
[2022-01-25 22:35:39.877433000] [INFO ] [alacritty] glutin event: RedrawEventsCleared
[2022-01-25 22:35:39.879550000] [INFO ] [alacritty] glutin event: NewEvents(WaitCancelled { start: Instant { t: 111466946004308 }, requested_resume: Some(Instant { t: 111467694023759 }) })
[2022-01-25 22:35:39.880223000] [INFO ] [alacritty] glutin event: MainEventsCleared
[2022-01-25 22:35:39.880778000] [INFO ] [alacritty] glutin event: RedrawEventsCleared
[2022-01-25 22:35:40.268895000] [INFO ] [alacritty] glutin event: NewEvents(WaitCancelled { start: Instant { t: 111466947758076 }, requested_resume: Some(Instant { t: 111467694023759 }) })
[2022-01-25 22:35:40.269245000] [INFO ] [alacritty] glutin event: WindowEvent { window_id: WindowId(Id(140377937958784)), event: KeyboardInput { device_id: DeviceId(DeviceId), input: KeyboardInput { scancode: 55, state: Pressed, virtual_keycode: Some(LWin), modifiers: LOGO }, is_synthetic: false } }
[2022-01-25 22:35:40.269321000] [INFO ] [alacritty] glutin event: WindowEvent { window_id: WindowId(Id(140377937958784)), event: ModifiersChanged(LOGO) }
[2022-01-25 22:35:40.269354000] [INFO ] [alacritty] glutin event: MainEventsCleared
[2022-01-25 22:35:40.269382000] [INFO ] [alacritty] glutin event: RedrawEventsCleared
[2022-01-25 22:35:40.375504000] [INFO ] [alacritty] glutin event: NewEvents(WaitCancelled { start: Instant { t: 111467335963646 }, requested_resume: Some(Instant { t: 111467694023759 }) })
[2022-01-25 22:35:40.376484000] [INFO ] [alacritty] glutin event: WindowEvent { window_id: WindowId(Id(140377937958784)), event: KeyboardInput { device_id: DeviceId(DeviceId), input: KeyboardInput { scancode: 12, state: Pressed, virtual_keycode: Some(Q), modifiers: LOGO }, is_synthetic: false } }
[2022-01-25 22:35:40.376600000] [INFO ] [alacritty] glutin event: WindowEvent { window_id: WindowId(Id(140377937958784)), event: ReceivedCharacter('´') }
[2022-01-25 22:35:40.376639000] [INFO ] [alacritty] glutin event: MainEventsCleared
[2022-01-25 22:35:40.376669000] [INFO ] [alacritty] glutin event: RedrawEventsCleared
[2022-01-25 22:35:40.376741000] [INFO ] [alacritty] glutin event: NewEvents(WaitCancelled { start: Instant { t: 111467443283916 }, requested_resume: Some(Instant { t: 111467694023759 }) })
[2022-01-25 22:35:40.376781000] [INFO ] [alacritty] glutin event: UserEvent(Terminal(Exit))
[2022-01-25 22:35:40.376812000] [INFO ] [alacritty] glutin event: MainEventsCleared
[2022-01-25 22:35:40.376839000] [INFO ] [alacritty] glutin event: RedrawEventsCleared
[2022-01-25 22:35:40.376941000] [INFO ] [alacritty] glutin event: NewEvents(Poll)
[2022-01-25 22:35:40.377016000] [INFO ] [alacritty] glutin event: LoopDestroyed
[2022-01-25 22:35:40.377871000] [INFO ] [alacritty] Goodbye
Deleted log file at "/var/folders/2z/5wwlz56106bg0p3hrgdbn9lr0000gn/T/Alacritty-75394.log"
