1643032063.094494 client started (33932): version 3.2a, socket /private/tmp/tmux-501/default, protocol 8
1643032063.094551 on Darwin 21.2.0 Darwin Kernel Version 21.2.0: Sun Nov 28 20:28:54 PST 2021; root:xnu-8019.61.5~1/RELEASE_X86_64
1643032063.096483 using libevent 2.1.12-stable (select); utf8proc 2.7.0; ncurses 6.2
1643032063.096549 flags are 0x10010000
1643032063.096562 socket is /private/tmp/tmux-501/default
1643032063.096579 trying connect
1643032063.096678 add peer 0x7ff0bf031000: 6 (0x0)
1643032063.101713 sending message 100 to peer 0x7ff0bf031000 (4 bytes)
1643032063.101742 sending message 111 to peer 0x7ff0bf031000 (8 bytes)
1643032063.101754 sending message 101 to peer 0x7ff0bf031000 (15 bytes)
1643032063.101764 sending message 109 to peer 0x7ff0bf031000 (4 bytes)
1643032063.101773 sending message 102 to peer 0x7ff0bf031000 (13 bytes)
1643032063.101782 sending message 108 to peer 0x7ff0bf031000 (21 bytes)
1643032063.101791 sending message 112 to peer 0x7ff0bf031000 (58 bytes)
1643032063.101800 sending message 112 to peer 0x7ff0bf031000 (5 bytes)
1643032063.101809 sending message 112 to peer 0x7ff0bf031000 (5 bytes)
1643032063.101818 sending message 112 to peer 0x7ff0bf031000 (6 bytes)
1643032063.101827 sending message 112 to peer 0x7ff0bf031000 (6 bytes)
1643032063.101836 sending message 112 to peer 0x7ff0bf031000 (11 bytes)
1643032063.101845 sending message 112 to peer 0x7ff0bf031000 (10 bytes)
1643032063.101854 sending message 112 to peer 0x7ff0bf031000 (13 bytes)
1643032063.101863 sending message 112 to peer 0x7ff0bf031000 (14 bytes)
1643032063.101872 sending message 112 to peer 0x7ff0bf031000 (19 bytes)
1643032063.101881 sending message 112 to peer 0x7ff0bf031000 (11 bytes)
1643032063.101890 sending message 112 to peer 0x7ff0bf031000 (10 bytes)
1643032063.101899 sending message 112 to peer 0x7ff0bf031000 (15 bytes)
1643032063.101908 sending message 112 to peer 0x7ff0bf031000 (21 bytes)
1643032063.101916 sending message 112 to peer 0x7ff0bf031000 (13 bytes)
1643032063.101925 sending message 112 to peer 0x7ff0bf031000 (7 bytes)
1643032063.101934 sending message 112 to peer 0x7ff0bf031000 (13 bytes)
1643032063.101943 sending message 112 to peer 0x7ff0bf031000 (7 bytes)
1643032063.101952 sending message 112 to peer 0x7ff0bf031000 (13 bytes)
1643032063.101960 sending message 112 to peer 0x7ff0bf031000 (9 bytes)
1643032063.101969 sending message 112 to peer 0x7ff0bf031000 (21 bytes)
1643032063.101978 sending message 112 to peer 0x7ff0bf031000 (13 bytes)
1643032063.101987 sending message 112 to peer 0x7ff0bf031000 (9 bytes)
1643032063.101996 sending message 112 to peer 0x7ff0bf031000 (16 bytes)
1643032063.102004 sending message 112 to peer 0x7ff0bf031000 (13 bytes)
1643032063.102013 sending message 112 to peer 0x7ff0bf031000 (9 bytes)
1643032063.102022 sending message 112 to peer 0x7ff0bf031000 (9 bytes)
1643032063.102031 sending message 112 to peer 0x7ff0bf031000 (12 bytes)
1643032063.102040 sending message 112 to peer 0x7ff0bf031000 (8 bytes)
1643032063.102049 sending message 112 to peer 0x7ff0bf031000 (8 bytes)
1643032063.102058 sending message 112 to peer 0x7ff0bf031000 (13 bytes)
1643032063.102066 sending message 112 to peer 0x7ff0bf031000 (7 bytes)
1643032063.102075 sending message 112 to peer 0x7ff0bf031000 (7 bytes)
1643032063.102084 sending message 112 to peer 0x7ff0bf031000 (9 bytes)
1643032063.102093 sending message 112 to peer 0x7ff0bf031000 (9 bytes)
1643032063.102102 sending message 112 to peer 0x7ff0bf031000 (15 bytes)
1643032063.102111 sending message 112 to peer 0x7ff0bf031000 (13 bytes)
1643032063.102120 sending message 112 to peer 0x7ff0bf031000 (12 bytes)
1643032063.102129 sending message 112 to peer 0x7ff0bf031000 (8 bytes)
1643032063.102137 sending message 112 to peer 0x7ff0bf031000 (14 bytes)
1643032063.102146 sending message 112 to peer 0x7ff0bf031000 (11 bytes)
1643032063.102155 sending message 112 to peer 0x7ff0bf031000 (9 bytes)
1643032063.102164 sending message 112 to peer 0x7ff0bf031000 (10 bytes)
1643032063.102173 sending message 112 to peer 0x7ff0bf031000 (10 bytes)
1643032063.102181 sending message 112 to peer 0x7ff0bf031000 (10 bytes)
1643032063.102207 sending message 112 to peer 0x7ff0bf031000 (10 bytes)
1643032063.102214 sending message 112 to peer 0x7ff0bf031000 (11 bytes)
1643032063.102220 sending message 112 to peer 0x7ff0bf031000 (12 bytes)
1643032063.102226 sending message 112 to peer 0x7ff0bf031000 (12 bytes)
1643032063.102232 sending message 112 to peer 0x7ff0bf031000 (12 bytes)
1643032063.102238 sending message 112 to peer 0x7ff0bf031000 (12 bytes)
1643032063.102244 sending message 112 to peer 0x7ff0bf031000 (12 bytes)
1643032063.102250 sending message 112 to peer 0x7ff0bf031000 (11 bytes)
1643032063.102256 sending message 112 to peer 0x7ff0bf031000 (11 bytes)
1643032063.102263 sending message 112 to peer 0x7ff0bf031000 (12 bytes)
1643032063.102269 sending message 112 to peer 0x7ff0bf031000 (12 bytes)
1643032063.102275 sending message 112 to peer 0x7ff0bf031000 (12 bytes)
1643032063.102281 sending message 112 to peer 0x7ff0bf031000 (12 bytes)
1643032063.102287 sending message 112 to peer 0x7ff0bf031000 (12 bytes)
1643032063.102293 sending message 112 to peer 0x7ff0bf031000 (9 bytes)
1643032063.102299 sending message 112 to peer 0x7ff0bf031000 (12 bytes)
1643032063.102305 sending message 112 to peer 0x7ff0bf031000 (13 bytes)
1643032063.102311 sending message 112 to peer 0x7ff0bf031000 (13 bytes)
1643032063.102317 sending message 112 to peer 0x7ff0bf031000 (13 bytes)
1643032063.102323 sending message 112 to peer 0x7ff0bf031000 (13 bytes)
1643032063.102329 sending message 112 to peer 0x7ff0bf031000 (13 bytes)
1643032063.102335 sending message 112 to peer 0x7ff0bf031000 (8 bytes)
1643032063.102341 sending message 112 to peer 0x7ff0bf031000 (11 bytes)
1643032063.102347 sending message 112 to peer 0x7ff0bf031000 (11 bytes)
1643032063.102353 sending message 112 to peer 0x7ff0bf031000 (11 bytes)
1643032063.102359 sending message 112 to peer 0x7ff0bf031000 (12 bytes)
1643032063.102365 sending message 112 to peer 0x7ff0bf031000 (12 bytes)
1643032063.102371 sending message 112 to peer 0x7ff0bf031000 (12 bytes)
1643032063.102377 sending message 112 to peer 0x7ff0bf031000 (12 bytes)
1643032063.102383 sending message 112 to peer 0x7ff0bf031000 (13 bytes)
1643032063.102389 sending message 112 to peer 0x7ff0bf031000 (13 bytes)
1643032063.102395 sending message 112 to peer 0x7ff0bf031000 (13 bytes)
1643032063.102401 sending message 112 to peer 0x7ff0bf031000 (8 bytes)
1643032063.102407 sending message 112 to peer 0x7ff0bf031000 (13 bytes)
1643032063.102413 sending message 112 to peer 0x7ff0bf031000 (13 bytes)
1643032063.102419 sending message 112 to peer 0x7ff0bf031000 (13 bytes)
1643032063.102425 sending message 112 to peer 0x7ff0bf031000 (13 bytes)
1643032063.102431 sending message 112 to peer 0x7ff0bf031000 (13 bytes)
1643032063.102437 sending message 112 to peer 0x7ff0bf031000 (12 bytes)
1643032063.102443 sending message 112 to peer 0x7ff0bf031000 (12 bytes)
1643032063.102449 sending message 112 to peer 0x7ff0bf031000 (12 bytes)
1643032063.102454 sending message 112 to peer 0x7ff0bf031000 (12 bytes)
1643032063.102460 sending message 112 to peer 0x7ff0bf031000 (13 bytes)
1643032063.102466 sending message 112 to peer 0x7ff0bf031000 (8 bytes)
1643032063.102473 sending message 112 to peer 0x7ff0bf031000 (13 bytes)
1643032063.102479 sending message 112 to peer 0x7ff0bf031000 (13 bytes)
1643032063.102485 sending message 112 to peer 0x7ff0bf031000 (13 bytes)
1643032063.102491 sending message 112 to peer 0x7ff0bf031000 (13 bytes)
1643032063.102497 sending message 112 to peer 0x7ff0bf031000 (13 bytes)
1643032063.102503 sending message 112 to peer 0x7ff0bf031000 (13 bytes)
1643032063.102509 sending message 112 to peer 0x7ff0bf031000 (13 bytes)
1643032063.102515 sending message 112 to peer 0x7ff0bf031000 (12 bytes)
1643032063.102521 sending message 112 to peer 0x7ff0bf031000 (12 bytes)
1643032063.102526 sending message 112 to peer 0x7ff0bf031000 (12 bytes)
1643032063.102533 sending message 112 to peer 0x7ff0bf031000 (8 bytes)
1643032063.102539 sending message 112 to peer 0x7ff0bf031000 (12 bytes)
1643032063.102545 sending message 112 to peer 0x7ff0bf031000 (13 bytes)
1643032063.102563 sending message 112 to peer 0x7ff0bf031000 (13 bytes)
1643032063.102570 sending message 112 to peer 0x7ff0bf031000 (13 bytes)
1643032063.102576 sending message 112 to peer 0x7ff0bf031000 (13 bytes)
1643032063.102582 sending message 112 to peer 0x7ff0bf031000 (13 bytes)
1643032063.102587 sending message 112 to peer 0x7ff0bf031000 (13 bytes)
1643032063.102593 sending message 112 to peer 0x7ff0bf031000 (13 bytes)
1643032063.102599 sending message 112 to peer 0x7ff0bf031000 (13 bytes)
1643032063.102605 sending message 112 to peer 0x7ff0bf031000 (12 bytes)
1643032063.102611 sending message 112 to peer 0x7ff0bf031000 (10 bytes)
1643032063.102617 sending message 112 to peer 0x7ff0bf031000 (12 bytes)
1643032063.102623 sending message 112 to peer 0x7ff0bf031000 (12 bytes)
1643032063.102629 sending message 112 to peer 0x7ff0bf031000 (12 bytes)
1643032063.102635 sending message 112 to peer 0x7ff0bf031000 (13 bytes)
1643032063.102644 sending message 112 to peer 0x7ff0bf031000 (13 bytes)
1643032063.102651 sending message 112 to peer 0x7ff0bf031000 (13 bytes)
1643032063.102657 sending message 112 to peer 0x7ff0bf031000 (13 bytes)
1643032063.102663 sending message 112 to peer 0x7ff0bf031000 (13 bytes)
1643032063.102669 sending message 112 to peer 0x7ff0bf031000 (13 bytes)
1643032063.102675 sending message 112 to peer 0x7ff0bf031000 (13 bytes)
1643032063.102681 sending message 112 to peer 0x7ff0bf031000 (10 bytes)
1643032063.102687 sending message 112 to peer 0x7ff0bf031000 (13 bytes)
1643032063.102693 sending message 112 to peer 0x7ff0bf031000 (12 bytes)
1643032063.102701 sending message 112 to peer 0x7ff0bf031000 (12 bytes)
1643032063.102707 sending message 112 to peer 0x7ff0bf031000 (12 bytes)
1643032063.102713 sending message 112 to peer 0x7ff0bf031000 (10 bytes)
1643032063.102719 sending message 112 to peer 0x7ff0bf031000 (10 bytes)
1643032063.102725 sending message 112 to peer 0x7ff0bf031000 (10 bytes)
1643032063.102732 sending message 112 to peer 0x7ff0bf031000 (12 bytes)
1643032063.102738 sending message 112 to peer 0x7ff0bf031000 (13 bytes)
1643032063.102744 sending message 112 to peer 0x7ff0bf031000 (13 bytes)
1643032063.102750 sending message 112 to peer 0x7ff0bf031000 (13 bytes)
1643032063.102756 sending message 112 to peer 0x7ff0bf031000 (13 bytes)
1643032063.102762 sending message 112 to peer 0x7ff0bf031000 (13 bytes)
1643032063.102768 sending message 112 to peer 0x7ff0bf031000 (10 bytes)
1643032063.102773 sending message 112 to peer 0x7ff0bf031000 (11 bytes)
1643032063.102779 sending message 112 to peer 0x7ff0bf031000 (12 bytes)
1643032063.102785 sending message 112 to peer 0x7ff0bf031000 (12 bytes)
1643032063.102791 sending message 112 to peer 0x7ff0bf031000 (12 bytes)
1643032063.102797 sending message 112 to peer 0x7ff0bf031000 (12 bytes)
1643032063.102803 sending message 112 to peer 0x7ff0bf031000 (12 bytes)
1643032063.102809 sending message 112 to peer 0x7ff0bf031000 (11 bytes)
1643032063.102815 sending message 112 to peer 0x7ff0bf031000 (12 bytes)
1643032063.102821 sending message 112 to peer 0x7ff0bf031000 (12 bytes)
1643032063.102827 sending message 112 to peer 0x7ff0bf031000 (13 bytes)
1643032063.102833 sending message 112 to peer 0x7ff0bf031000 (13 bytes)
1643032063.102839 sending message 112 to peer 0x7ff0bf031000 (13 bytes)
1643032063.102845 sending message 112 to peer 0x7ff0bf031000 (13 bytes)
1643032063.102851 sending message 112 to peer 0x7ff0bf031000 (13 bytes)
1643032063.102857 sending message 112 to peer 0x7ff0bf031000 (10 bytes)
1643032063.102863 sending message 112 to peer 0x7ff0bf031000 (9 bytes)
1643032063.102869 sending message 112 to peer 0x7ff0bf031000 (12 bytes)
1643032063.102875 sending message 112 to peer 0x7ff0bf031000 (13 bytes)
1643032063.102881 sending message 112 to peer 0x7ff0bf031000 (13 bytes)
1643032063.102887 sending message 112 to peer 0x7ff0bf031000 (13 bytes)
1643032063.102893 sending message 112 to peer 0x7ff0bf031000 (13 bytes)
1643032063.102898 sending message 112 to peer 0x7ff0bf031000 (13 bytes)
1643032063.102904 sending message 112 to peer 0x7ff0bf031000 (9 bytes)
1643032063.102921 sending message 112 to peer 0x7ff0bf031000 (12 bytes)
1643032063.102928 sending message 112 to peer 0x7ff0bf031000 (13 bytes)
1643032063.102934 sending message 112 to peer 0x7ff0bf031000 (13 bytes)
1643032063.102940 sending message 112 to peer 0x7ff0bf031000 (13 bytes)
1643032063.102946 sending message 112 to peer 0x7ff0bf031000 (13 bytes)
1643032063.102952 sending message 112 to peer 0x7ff0bf031000 (13 bytes)
1643032063.102958 sending message 112 to peer 0x7ff0bf031000 (11 bytes)
1643032063.102964 sending message 112 to peer 0x7ff0bf031000 (12 bytes)
1643032063.102970 sending message 112 to peer 0x7ff0bf031000 (13 bytes)
1643032063.102976 sending message 112 to peer 0x7ff0bf031000 (13 bytes)
1643032063.102982 sending message 112 to peer 0x7ff0bf031000 (13 bytes)
1643032063.102988 sending message 112 to peer 0x7ff0bf031000 (13 bytes)
1643032063.102994 sending message 112 to peer 0x7ff0bf031000 (13 bytes)
1643032063.103000 sending message 112 to peer 0x7ff0bf031000 (11 bytes)
1643032063.103006 sending message 112 to peer 0x7ff0bf031000 (12 bytes)
1643032063.103012 sending message 112 to peer 0x7ff0bf031000 (12 bytes)
1643032063.103018 sending message 112 to peer 0x7ff0bf031000 (12 bytes)
1643032063.103024 sending message 112 to peer 0x7ff0bf031000 (12 bytes)
1643032063.103030 sending message 112 to peer 0x7ff0bf031000 (12 bytes)
1643032063.103035 sending message 112 to peer 0x7ff0bf031000 (21 bytes)
1643032063.103044 sending message 112 to peer 0x7ff0bf031000 (12 bytes)
1643032063.103050 sending message 112 to peer 0x7ff0bf031000 (9 bytes)
1643032063.103056 sending message 112 to peer 0x7ff0bf031000 (6 bytes)
1643032063.103062 sending message 112 to peer 0x7ff0bf031000 (13 bytes)
1643032063.103068 sending message 112 to peer 0x7ff0bf031000 (10 bytes)
1643032063.103074 sending message 112 to peer 0x7ff0bf031000 (24 bytes)
1643032063.103080 sending message 112 to peer 0x7ff0bf031000 (13 bytes)
1643032063.103086 sending message 112 to peer 0x7ff0bf031000 (9 bytes)
1643032063.103092 sending message 112 to peer 0x7ff0bf031000 (70 bytes)
1643032063.103098 sending message 112 to peer 0x7ff0bf031000 (69 bytes)
1643032063.103104 sending message 112 to peer 0x7ff0bf031000 (12 bytes)
1643032063.103110 sending message 112 to peer 0x7ff0bf031000 (10 bytes)
1643032063.103116 sending message 112 to peer 0x7ff0bf031000 (10 bytes)
1643032063.103123 sending message 112 to peer 0x7ff0bf031000 (24 bytes)
1643032063.103129 sending message 112 to peer 0x7ff0bf031000 (13 bytes)
1643032063.103135 sending message 112 to peer 0x7ff0bf031000 (10 bytes)
1643032063.103141 sending message 112 to peer 0x7ff0bf031000 (10 bytes)
1643032063.103147 sending message 112 to peer 0x7ff0bf031000 (10 bytes)
1643032063.103153 sending message 112 to peer 0x7ff0bf031000 (13 bytes)
1643032063.103158 sending message 112 to peer 0x7ff0bf031000 (15 bytes)
1643032063.103164 sending message 112 to peer 0x7ff0bf031000 (5 bytes)
1643032063.103172 sending message 104 to peer 0x7ff0bf031000 (0 bytes)
1643032063.103179 sending message 110 to peer 0x7ff0bf031000 (0 bytes)
1643032063.103185 sending message 107 to peer 0x7ff0bf031000 (4 bytes)
1643032063.103191 sending message 105 to peer 0x7ff0bf031000 (82 bytes)
1643032063.103198 sending message 105 to peer 0x7ff0bf031000 (20 bytes)
1643032063.103204 sending message 105 to peer 0x7ff0bf031000 (22 bytes)
1643032063.103210 sending message 105 to peer 0x7ff0bf031000 (64 bytes)
1643032063.103216 sending message 105 to peer 0x7ff0bf031000 (26 bytes)
1643032063.103222 sending message 105 to peer 0x7ff0bf031000 (77 bytes)
1643032063.103228 sending message 105 to peer 0x7ff0bf031000 (56 bytes)
1643032063.103234 sending message 105 to peer 0x7ff0bf031000 (86 bytes)
1643032063.103240 sending message 105 to peer 0x7ff0bf031000 (45 bytes)
1643032063.103246 sending message 105 to peer 0x7ff0bf031000 (26 bytes)
1643032063.103252 sending message 105 to peer 0x7ff0bf031000 (111 bytes)
1643032063.103258 sending message 105 to peer 0x7ff0bf031000 (117 bytes)
1643032063.103264 sending message 105 to peer 0x7ff0bf031000 (17 bytes)
1643032063.103281 sending message 105 to peer 0x7ff0bf031000 (17 bytes)
1643032063.103287 sending message 105 to peer 0x7ff0bf031000 (18 bytes)
1643032063.103293 sending message 105 to peer 0x7ff0bf031000 (52 bytes)
1643032063.103299 sending message 105 to peer 0x7ff0bf031000 (23 bytes)
1643032063.103305 sending message 105 to peer 0x7ff0bf031000 (15 bytes)
1643032063.103311 sending message 105 to peer 0x7ff0bf031000 (30 bytes)
1643032063.103317 sending message 105 to peer 0x7ff0bf031000 (27 bytes)
1643032063.103323 sending message 105 to peer 0x7ff0bf031000 (24 bytes)
1643032063.103329 sending message 105 to peer 0x7ff0bf031000 (20 bytes)
1643032063.103335 sending message 105 to peer 0x7ff0bf031000 (23 bytes)
1643032063.103341 sending message 105 to peer 0x7ff0bf031000 (21 bytes)
1643032063.103347 sending message 105 to peer 0x7ff0bf031000 (25 bytes)
1643032063.103353 sending message 105 to peer 0x7ff0bf031000 (20 bytes)
1643032063.103359 sending message 105 to peer 0x7ff0bf031000 (13 bytes)
1643032063.103365 sending message 105 to peer 0x7ff0bf031000 (2295 bytes)
1643032063.103372 sending message 105 to peer 0x7ff0bf031000 (54 bytes)
1643032063.103378 sending message 105 to peer 0x7ff0bf031000 (41 bytes)
1643032063.103384 sending message 105 to peer 0x7ff0bf031000 (44 bytes)
1643032063.103390 sending message 105 to peer 0x7ff0bf031000 (28 bytes)
1643032063.103396 sending message 105 to peer 0x7ff0bf031000 (10 bytes)
1643032063.103402 sending message 105 to peer 0x7ff0bf031000 (12 bytes)
1643032063.103408 sending message 105 to peer 0x7ff0bf031000 (282 bytes)
1643032063.103414 sending message 105 to peer 0x7ff0bf031000 (47 bytes)
1643032063.103429 sending message 105 to peer 0x7ff0bf031000 (51 bytes)
1643032063.103436 sending message 105 to peer 0x7ff0bf031000 (47 bytes)
1643032063.103443 sending message 105 to peer 0x7ff0bf031000 (45 bytes)
1643032063.103449 sending message 105 to peer 0x7ff0bf031000 (25 bytes)
1643032063.103455 sending message 105 to peer 0x7ff0bf031000 (24 bytes)
1643032063.103460 sending message 105 to peer 0x7ff0bf031000 (15 bytes)
1643032063.103466 sending message 105 to peer 0x7ff0bf031000 (8 bytes)
1643032063.103472 sending message 105 to peer 0x7ff0bf031000 (66 bytes)
1643032063.103478 sending message 105 to peer 0x7ff0bf031000 (20 bytes)
1643032063.103484 sending message 105 to peer 0x7ff0bf031000 (18 bytes)
1643032063.103490 sending message 105 to peer 0x7ff0bf031000 (26 bytes)
1643032063.103496 sending message 105 to peer 0x7ff0bf031000 (57 bytes)
1643032063.103502 sending message 105 to peer 0x7ff0bf031000 (42 bytes)
1643032063.103508 sending message 105 to peer 0x7ff0bf031000 (13 bytes)
1643032063.103514 sending message 105 to peer 0x7ff0bf031000 (63 bytes)
1643032063.103520 sending message 105 to peer 0x7ff0bf031000 (10 bytes)
1643032063.103526 sending message 105 to peer 0x7ff0bf031000 (46 bytes)
1643032063.103532 sending message 105 to peer 0x7ff0bf031000 (36 bytes)
1643032063.103538 sending message 105 to peer 0x7ff0bf031000 (40 bytes)
1643032063.103544 sending message 105 to peer 0x7ff0bf031000 (36 bytes)
1643032063.103550 sending message 105 to peer 0x7ff0bf031000 (39 bytes)
1643032063.103556 sending message 105 to peer 0x7ff0bf031000 (36 bytes)
1643032063.103562 sending message 105 to peer 0x7ff0bf031000 (14 bytes)
1643032063.103568 sending message 105 to peer 0x7ff0bf031000 (19 bytes)
1643032063.103574 sending message 105 to peer 0x7ff0bf031000 (29 bytes)
1643032063.103580 sending message 105 to peer 0x7ff0bf031000 (38 bytes)
1643032063.103586 sending message 105 to peer 0x7ff0bf031000 (22 bytes)
1643032063.103591 sending message 105 to peer 0x7ff0bf031000 (34 bytes)
1643032063.103597 sending message 105 to peer 0x7ff0bf031000 (34 bytes)
1643032063.103603 sending message 105 to peer 0x7ff0bf031000 (25 bytes)
1643032063.103609 sending message 105 to peer 0x7ff0bf031000 (37 bytes)
1643032063.103615 sending message 105 to peer 0x7ff0bf031000 (22 bytes)
1643032063.103621 sending message 106 to peer 0x7ff0bf031000 (0 bytes)
1643032063.103655 sending message 200 to peer 0x7ff0bf031000 (4 bytes)
1643032063.103664 client loop enter
1643032063.104268 peer 0x7ff0bf031000 message 303
1643032063.104283 open write file 2 -
1643032063.104309 sending message 305 to peer 0x7ff0bf031000 (8 bytes)
1643032063.104332 write check file 2
1643032063.104421 peer 0x7ff0bf031000 message 304
1643032063.104438 write 58 to file 2
1643032063.104453 peer 0x7ff0bf031000 message 203
1643032063.104461 file 2 58 bytes left
1643032063.104482 write check file 2
1643032063.104491 client loop exit
