1632133330.512498 client started (19786): version 3.0a, socket /tmp/tmux-1000/default, protocol 8
1632133330.512532 on Linux 5.10.16.3-microsoft-standard-WSL2 #1 SMP Fri Apr 2 22:23:49 UTC 2021; libevent 2.1.11-stable (poll)
1632133330.512555 socket is /tmp/tmux-1000/default
1632133330.512567 trying connect
1632133330.512686 add peer 0x564fb3011410: 6 ((nil))
1632133330.512785 sending message 100 to peer 0x564fb3011410 (4 bytes)
1632133330.512794 sending message 101 to peer 0x564fb3011410 (15 bytes)
1632133330.512800 sending message 102 to peer 0x564fb3011410 (11 bytes)
1632133330.512804 sending message 108 to peer 0x564fb3011410 (23 bytes)
1632133330.512810 sending message 104 to peer 0x564fb3011410 (0 bytes)
1632133330.512816 sending message 107 to peer 0x564fb3011410 (4 bytes)
1632133330.512821 sending message 105 to peer 0x564fb3011410 (16 bytes)
1632133330.512825 sending message 105 to peer 0x564fb3011410 (24 bytes)
1632133330.512830 sending message 105 to peer 0x564fb3011410 (22 bytes)
1632133330.512835 sending message 105 to peer 0x564fb3011410 (36 bytes)
1632133330.512839 sending message 105 to peer 0x564fb3011410 (16 bytes)
1632133330.512844 sending message 105 to peer 0x564fb3011410 (30 bytes)
1632133330.512915 sending message 105 to peer 0x564fb3011410 (30 bytes)
1632133330.512930 sending message 105 to peer 0x564fb3011410 (41 bytes)
1632133330.512937 sending message 105 to peer 0x564fb3011410 (20 bytes)
1632133330.512942 sending message 105 to peer 0x564fb3011410 (38 bytes)
1632133330.512948 sending message 105 to peer 0x564fb3011410 (36 bytes)
1632133330.512953 sending message 105 to peer 0x564fb3011410 (15 bytes)
1632133330.512958 sending message 105 to peer 0x564fb3011410 (11 bytes)
1632133330.512963 sending message 105 to peer 0x564fb3011410 (27 bytes)
1632133330.512969 sending message 105 to peer 0x564fb3011410 (54 bytes)
1632133330.512974 sending message 105 to peer 0x564fb3011410 (15 bytes)
1632133330.512979 sending message 105 to peer 0x564fb3011410 (41 bytes)
1632133330.512985 sending message 105 to peer 0x564fb3011410 (37 bytes)
1632133330.512990 sending message 105 to peer 0x564fb3011410 (24 bytes)
1632133330.512995 sending message 105 to peer 0x564fb3011410 (19 bytes)
1632133330.513011 sending message 105 to peer 0x564fb3011410 (17 bytes)
1632133330.513017 sending message 105 to peer 0x564fb3011410 (67 bytes)
1632133330.513023 sending message 105 to peer 0x564fb3011410 (1416 bytes)
1632133330.513037 sending message 105 to peer 0x564fb3011410 (40 bytes)
1632133330.513043 sending message 105 to peer 0x564fb3011410 (24 bytes)
1632133330.513048 sending message 105 to peer 0x564fb3011410 (53 bytes)
1632133330.513053 sending message 105 to peer 0x564fb3011410 (34 bytes)
1632133330.513057 sending message 105 to peer 0x564fb3011410 (20 bytes)
1632133330.513062 sending message 105 to peer 0x564fb3011410 (29 bytes)
1632133330.513066 sending message 105 to peer 0x564fb3011410 (32 bytes)
1632133330.513071 sending message 105 to peer 0x564fb3011410 (13 bytes)
1632133330.513075 sending message 105 to peer 0x564fb3011410 (24 bytes)
1632133330.513080 sending message 105 to peer 0x564fb3011410 (14 bytes)
1632133330.513085 sending message 105 to peer 0x564fb3011410 (31 bytes)
1632133330.513089 sending message 105 to peer 0x564fb3011410 (8 bytes)
1632133330.513094 sending message 105 to peer 0x564fb3011410 (19 bytes)
1632133330.513098 sending message 105 to peer 0x564fb3011410 (18 bytes)
1632133330.513103 sending message 105 to peer 0x564fb3011410 (20 bytes)
1632133330.513107 sending message 105 to peer 0x564fb3011410 (29 bytes)
1632133330.513112 sending message 105 to peer 0x564fb3011410 (93 bytes)
1632133330.513117 sending message 105 to peer 0x564fb3011410 (19 bytes)
1632133330.513122 sending message 105 to peer 0x564fb3011410 (166 bytes)
1632133330.513127 sending message 105 to peer 0x564fb3011410 (471 bytes)
1632133330.513132 sending message 105 to peer 0x564fb3011410 (21 bytes)
1632133330.513137 sending message 105 to peer 0x564fb3011410 (35 bytes)
1632133330.513142 sending message 105 to peer 0x564fb3011410 (19 bytes)
1632133330.513156 sending message 105 to peer 0x564fb3011410 (16 bytes)
1632133330.513161 sending message 106 to peer 0x564fb3011410 (0 bytes)
1632133330.513167 sending message 200 to peer 0x564fb3011410 (4 bytes)
1632133330.513172 client loop enter
1632133330.513794 peer 0x564fb3011410 message 211
1632133330.513809 client_write: sessions should be nested with care, unset $TMUX to force\n
1632133330.513852 peer 0x564fb3011410 message 203
1632133330.513864 client loop exit
